# JRE version: Java(TM) SE Runtime Environment (8.0_25-b17) (build 1.8.0_25-b17)
# Java VM: Java HotSpot(TM) 64-Bit Server VM (25.25-b02 mixed mode linux-amd64 compressed oops)
Heap:
 PSYoungGen      total 68096K, used 6634K [0x00000000ec000000, 0x00000000f0900000, 0x0000000100000000)
  eden space 61440K, 0% used [0x00000000ec000000,0x00000000ec000000,0x00000000efc00000)
  from space 6656K, 99% used [0x00000000efc00000,0x00000000f027abb8,0x00000000f0280000)
  to   space 6144K, 0% used [0x00000000f0300000,0x00000000f0300000,0x00000000f0900000)
 ParOldGen       total 40960K, used 11490K [0x00000000c4000000, 0x00000000c6800000, 0x00000000ec000000)
  object space 40960K, 28% used [0x00000000c4000000,0x00000000c4b38918,0x00000000c6800000)
 Metaspace       used 17869K, capacity 18378K, committed 18688K, reserved 1064960K
  class space    used 2152K, capacity 2265K, committed 2304K, reserved 1048576K
GC Heap History (10 events):
Event: 2,434 GC heap after
Heap after GC invocations=2 (full 0):
 PSYoungGen      total 33280K, used 2327K [0x00000000ec000000, 0x00000000ee300000, 0x0000000100000000)
  eden space 30720K, 0% used [0x00000000ec000000,0x00000000ec000000,0x00000000ede00000)
  from space 2560K, 90% used [0x00000000ee080000,0x00000000ee2c5dc8,0x00000000ee300000)
  to   space 2560K, 0% used [0x00000000ede00000,0x00000000ede00000,0x00000000ee080000)
 ParOldGen       total 40960K, used 665K [0x00000000c4000000, 0x00000000c6800000, 0x00000000ec000000)
  object space 40960K, 1% used [0x00000000c4000000,0x00000000c40a6698,0x00000000c6800000)
 Metaspace       used 7494K, capacity 7700K, committed 7936K, reserved 1056768K
  class space    used 926K, capacity 990K, committed 1024K, reserved 1048576K
}
Event: 5,174 GC heap before
{Heap before GC invocations=3 (full 0):
 PSYoungGen      total 33280K, used 33042K [0x00000000ec000000, 0x00000000ee300000, 0x0000000100000000)
  eden space 30720K, 99% used [0x00000000ec000000,0x00000000eddfeb10,0x00000000ede00000)
  from space 2560K, 90% used [0x00000000ee080000,0x00000000ee2c5dc8,0x00000000ee300000)
  to   space 2560K, 0% used [0x00000000ede00000,0x00000000ede00000,0x00000000ee080000)
 ParOldGen       total 40960K, used 665K [0x00000000c4000000, 0x00000000c6800000, 0x00000000ec000000)
  object space 40960K, 1% used [0x00000000c4000000,0x00000000c40a6698,0x00000000c6800000)
 Metaspace       used 11530K, capacity 11834K, committed 12032K, reserved 1060864K
  class space    used 1423K, capacity 1510K, committed 1536K, reserved 1048576K
Event: 5,185 GC heap after
Heap after GC invocations=3 (full 0):
 PSYoungGen      total 33280K, used 2544K [0x00000000ec000000, 0x00000000f0100000, 0x0000000100000000)
  eden space 30720K, 0% used [0x00000000ec000000,0x00000000ec000000,0x00000000ede00000)
  from space 2560K, 99% used [0x00000000ede00000,0x00000000ee07c010,0x00000000ee080000)
  to   space 2560K, 0% used [0x00000000efe80000,0x00000000efe80000,0x00000000f0100000)
 ParOldGen       total 40960K, used 4190K [0x00000000c4000000, 0x00000000c6800000, 0x00000000ec000000)
  object space 40960K, 10% used [0x00000000c4000000,0x00000000c4417898,0x00000000c6800000)
 Metaspace       used 11530K, capacity 11834K, committed 12032K, reserved 1060864K
  class space    used 1423K, capacity 1510K, committed 1536K, reserved 1048576K
}
Event: 8,498 GC heap before
{Heap before GC invocations=4 (full 0):
 PSYoungGen      total 33280K, used 33264K [0x00000000ec000000, 0x00000000f0100000, 0x0000000100000000)
  eden space 30720K, 100% used [0x00000000ec000000,0x00000000ede00000,0x00000000ede00000)
  from space 2560K, 99% used [0x00000000ede00000,0x00000000ee07c010,0x00000000ee080000)
  to   space 2560K, 0% used [0x00000000efe80000,0x00000000efe80000,0x00000000f0100000)
 ParOldGen       total 40960K, used 4190K [0x00000000c4000000, 0x00000000c6800000, 0x00000000ec000000)
  object space 40960K, 10% used [0x00000000c4000000,0x00000000c4417898,0x00000000c6800000)
 Metaspace       used 12906K, capacity 13232K, committed 13440K, reserved 1060864K
  class space    used 1583K, capacity 1656K, committed 1664K, reserved 1048576K
Event: 8,512 GC heap after
Heap after GC invocations=4 (full 0):
 PSYoungGen      total 33280K, used 2528K [0x00000000ec000000, 0x00000000f0100000, 0x0000000100000000)
  eden space 30720K, 0% used [0x00000000ec000000,0x00000000ec000000,0x00000000ede00000)
  from space 2560K, 98% used [0x00000000efe80000,0x00000000f00f8020,0x00000000f0100000)
  to   space 2560K, 0% used [0x00000000ede00000,0x00000000ede00000,0x00000000ee080000)
 ParOldGen       total 40960K, used 7428K [0x00000000c4000000, 0x00000000c6800000, 0x00000000ec000000)
  object space 40960K, 18% used [0x00000000c4000000,0x00000000c4741268,0x00000000c6800000)
 Metaspace       used 12906K, capacity 13232K, committed 13440K, reserved 1060864K
  class space    used 1583K, capacity 1656K, committed 1664K, reserved 1048576K
}
Event: 10,192 GC heap before
{Heap before GC invocations=5 (full 0):
 PSYoungGen      total 33280K, used 33248K [0x00000000ec000000, 0x00000000f0100000, 0x0000000100000000)
  eden space 30720K, 100% used [0x00000000ec000000,0x00000000ede00000,0x00000000ede00000)
  from space 2560K, 98% used [0x00000000efe80000,0x00000000f00f8020,0x00000000f0100000)
  to   space 2560K, 0% used [0x00000000ede00000,0x00000000ede00000,0x00000000ee080000)
 ParOldGen       total 40960K, used 7428K [0x00000000c4000000, 0x00000000c6800000, 0x00000000ec000000)
  object space 40960K, 18% used [0x00000000c4000000,0x00000000c4741268,0x00000000c6800000)
 Metaspace       used 13158K, capacity 13488K, committed 13696K, reserved 1060864K
  class space    used 1586K, capacity 1656K, committed 1664K, reserved 1048576K
Event: 10,221 GC heap after
Heap after GC invocations=5 (full 0):
 PSYoungGen      total 33280K, used 2544K [0x00000000ec000000, 0x00000000f0a00000, 0x0000000100000000)
  eden space 30720K, 0% used [0x00000000ec000000,0x00000000ec000000,0x00000000ede00000)
  from space 2560K, 99% used [0x00000000ede00000,0x00000000ee07c010,0x00000000ee080000)
  to   space 7168K, 0% used [0x00000000f0300000,0x00000000f0300000,0x00000000f0a00000)
 ParOldGen       total 40960K, used 8472K [0x00000000c4000000, 0x00000000c6800000, 0x00000000ec000000)
  object space 40960K, 20% used [0x00000000c4000000,0x00000000c4846288,0x00000000c6800000)
 Metaspace       used 13158K, capacity 13488K, committed 13696K, reserved 1060864K
  class space    used 1586K, capacity 1656K, committed 1664K, reserved 1048576K
}
Event: 11,044 GC heap before
{Heap before GC invocations=6 (full 0):
 PSYoungGen      total 33280K, used 33264K [0x00000000ec000000, 0x00000000f0a00000, 0x0000000100000000)
  eden space 30720K, 100% used [0x00000000ec000000,0x00000000ede00000,0x00000000ede00000)
  from space 2560K, 99% used [0x00000000ede00000,0x00000000ee07c010,0x00000000ee080000)
  to   space 7168K, 0% used [0x00000000f0300000,0x00000000f0300000,0x00000000f0a00000)
 ParOldGen       total 40960K, used 8472K [0x00000000c4000000, 0x00000000c6800000, 0x00000000ec000000)
  object space 40960K, 20% used [0x00000000c4000000,0x00000000c4846288,0x00000000c6800000)
 Metaspace       used 13344K, capacity 13680K, committed 13952K, reserved 1060864K
  class space    used 1587K, capacity 1656K, committed 1664K, reserved 1048576K
Event: 11,080 GC heap after
Heap after GC invocations=6 (full 0):
 PSYoungGen      total 67584K, used 4096K [0x00000000ec000000, 0x00000000f0900000, 0x0000000100000000)
  eden space 61440K, 0% used [0x00000000ec000000,0x00000000ec000000,0x00000000efc00000)
  from space 6144K, 66% used [0x00000000f0300000,0x00000000f0700000,0x00000000f0900000)
  to   space 6656K, 0% used [0x00000000efc00000,0x00000000efc00000,0x00000000f0280000)
 ParOldGen       total 40960K, used 8480K [0x00000000c4000000, 0x00000000c6800000, 0x00000000ec000000)
  object space 40960K, 20% used [0x00000000c4000000,0x00000000c4848288,0x00000000c6800000)
 Metaspace       used 13344K, capacity 13680K, committed 13952K, reserved 1060864K
  class space    used 1587K, capacity 1656K, committed 1664K, reserved 1048576K
}
Event: 29,544 GC heap before
{Heap before GC invocations=7 (full 0):
 PSYoungGen      total 67584K, used 65536K [0x00000000ec000000, 0x00000000f0900000, 0x0000000100000000)
  eden space 61440K, 100% used [0x00000000ec000000,0x00000000efc00000,0x00000000efc00000)
  from space 6144K, 66% used [0x00000000f0300000,0x00000000f0700000,0x00000000f0900000)
  to   space 6656K, 0% used [0x00000000efc00000,0x00000000efc00000,0x00000000f0280000)
 ParOldGen       total 40960K, used 8480K [0x00000000c4000000, 0x00000000c6800000, 0x00000000ec000000)
  object space 40960K, 20% used [0x00000000c4000000,0x00000000c4848288,0x00000000c6800000)
 Metaspace       used 17869K, capacity 18378K, committed 18688K, reserved 1064960K
  class space    used 2152K, capacity 2265K, committed 2304K, reserved 1048576K

